Сборка начата 22.05.2024 10:23:14.
Уровень детализации журнала: Normal.     1>Проект "D:\уник\2 сем\ОАиП\lab14\dop14(oaip)3\dop14(oaip)3\dop14(oaip)3.vcxproj" в узле 2 (целевые объекты Build).
     1>PrepareForBuild:
         Создание каталога "D:\уник\2 сем\ОАиП\lab14\dop14(oaip)3\x64\Debug\".
         Создание каталога "x64\Debug\dop14(oaip)3.tlog\".
       InitializeBuildStatus:
         Создание "x64\Debug\dop14(oaip)3.tlog\unsuccessfulbuild", так как было задано "AlwaysCreate".
         Обращение к "x64\Debug\dop14(oaip)3.tlog\unsuccessfulbuild".
       ClCompile:
         C:\Program Files\Microsoft Visual Studio\2022\Preview\VC\Tools\MSVC\14.38.32919\bin\HostX64\x64\CL.exe /c /ZI /JMC /nologo /W3 /WX- /diagnostics:column /sdl /Od /D _DEBUG /D _CONSOLE /D _UNICODE /D UNICODE /Gm- /EHsc /RTC1 /MDd /GS /fp:precise /Zc:wchar_t /Zc:forScope /Zc:inline /permissive- /Fo"x64\Debug\\" /Fd"x64\Debug\vc143.pdb" /external:W3 /Gd /TP /FC /errorReport:prompt "dop14(oaip)3.cpp"
         dop14(oaip)3.cpp
     1>D:\уник\2 сем\ОАиП\lab14\dop14(oaip)3\dop14(oaip)3\dop14(oaip)3.cpp(13,51): warning C4267: аргумент: преобразование из "size_t" в "int"; возможна потеря данных
     1>D:\уник\2 сем\ОАиП\lab14\dop14(oaip)3\dop14(oaip)3\dop14(oaip)3.cpp(18,51): warning C4267: аргумент: преобразование из "size_t" в "int"; возможна потеря данных
       Link:
         C:\Program Files\Microsoft Visual Studio\2022\Preview\VC\Tools\MSVC\14.38.32919\bin\HostX64\x64\link.exe /ERRORREPORT:PROMPT /OUT:"D:\уник\2 сем\ОАиП\lab14\dop14(oaip)3\x64\Debug\dop14(oaip)3.exe" /INCREMENTAL /ILK:"x64\Debug\dop14(oaip)3.ilk" /NOLOGO kernel32.lib user32.lib gdi32.lib winspool.lib comdlg32.lib advapi32.lib shell32.lib ole32.lib oleaut32.lib uuid.lib odbc32.lib odbccp32.lib /MANIFEST /MANIFESTUAC:"level='asInvoker' uiAccess='false'" /manifest:embed /DEBUG /PDB:"D:\уник\2 сем\ОАиП\lab14\dop14(oaip)3\x64\Debug\dop14(oaip)3.pdb" /SUBSYSTEM:CONSOLE /TLBID:1 /DYNAMICBASE /NXCOMPAT /IMPLIB:"D:\уник\2 сем\ОАиП\lab14\dop14(oaip)3\x64\Debug\dop14(oaip)3.lib" /MACHINE:X64 "x64\Debug\dop14(oaip)3.obj"
         dop14(oaip)3.vcxproj -> D:\уник\2 сем\ОАиП\lab14\dop14(oaip)3\x64\Debug\dop14(oaip)3.exe
       FinalizeBuildStatus:
         Файл "x64\Debug\dop14(oaip)3.tlog\unsuccessfulbuild" удаляется.
         Обращение к "x64\Debug\dop14(oaip)3.tlog\dop14(oaip)3.lastbuildstate".
     1>Сборка проекта "D:\уник\2 сем\ОАиП\lab14\dop14(oaip)3\dop14(oaip)3\dop14(oaip)3.vcxproj" завершена (целевые объекты Build).

Сборка успешно завершена.

       "D:\уник\2 сем\ОАиП\lab14\dop14(oaip)3\dop14(oaip)3\dop14(oaip)3.vcxproj" (целевой объект Build ) (1) ->
       (Целевой объект ClCompile) -> 
         D:\уник\2 сем\ОАиП\lab14\dop14(oaip)3\dop14(oaip)3\dop14(oaip)3.cpp(13,51): warning C4267: аргумент: преобразование из "size_t" в "int"; возможна потеря данных
         D:\уник\2 сем\ОАиП\lab14\dop14(oaip)3\dop14(oaip)3\dop14(oaip)3.cpp(18,51): warning C4267: аргумент: преобразование из "size_t" в "int"; возможна потеря данных

    Предупреждений: 2
    Ошибок: 0

Прошло времени 00:00:00.89
